[23:17:27] [ServerMain/INFO]: Environment: authHost='https://authserver.mojang.com', accountsHost='https://api.mojang.com', sessionHost='https://sessionserver.mojang.com', servicesHost='https://api.minecraftservices.com', name='PROD'
[23:17:30] [ServerMain/INFO]: Loaded 7 recipes
[23:17:33] [Server thread/INFO]: Starting minecraft server version 1.19.4
[23:17:33] [Server thread/WARN]: ****************************
[23:17:33] [Server thread/WARN]: YOU ARE RUNNING THIS SERVER AS AN ADMINISTRATIVE OR ROOT USER. THIS IS NOT ADVISED.
[23:17:33] [Server thread/WARN]: YOU ARE OPENING YOURSELF UP TO POTENTIAL RISKS WHEN DOING THIS.
[23:17:33] [Server thread/WARN]: FOR MORE INFORMATION, SEE https://madelinemiller.dev/blog/root-minecraft-server/
[23:17:33] [Server thread/WARN]: ****************************
[23:17:33] [Server thread/INFO]: Loading properties
[23:17:33] [Server thread/INFO]: This server is running Paper version git-Paper-550 (MC: 1.19.4) (Implementing API version 1.19.4-R0.1-SNAPSHOT) (Git: 483368e on ver/1.19.4)
[23:17:33] [Server thread/INFO]: Server Ping Player Sample Count: 12
[23:17:33] [Server thread/INFO]: Using 4 threads for Netty based IO
[23:17:33] [Server thread/WARN]: [!] The timings profiler has been enabled but has been scheduled for removal from Paper in the future.
    We recommend installing the spark profiler as a replacement: https://spark.lucko.me/
    For more information please visit: https://github.com/PaperMC/Paper/issues/8948
[23:17:33] [Server thread/INFO]: [ChunkTaskScheduler] Chunk system is using 1 I/O threads, 1 worker threads, and gen parallelism of 1 threads
[23:17:34] [Server thread/INFO]: Default game type: SURVIVAL
[23:17:34] [Server thread/INFO]: Generating keypair
[23:17:34] [Server thread/INFO]: Starting Minecraft server on *:25565
[23:17:35] [Server thread/INFO]: Using epoll channel type
[23:17:35] [Server thread/INFO]: Paper: Using libdeflate (Linux x86_64) compression from Velocity.
[23:17:35] [Server thread/INFO]: Paper: Using OpenSSL 1.1.x (Linux x86_64) cipher from Velocity.
[23:17:36] [Server thread/INFO]: [ViaVersion] Loading server plugin ViaVersion v4.10.2
[23:17:36] [Server thread/INFO]: [ViaVersion] ViaVersion 4.10.2 is now loaded. Registering protocol transformers and injecting...
[23:17:37] [Via-Mappingloader-0/INFO]: [ViaVersion] Loading block connection mappings ...
[23:17:38] [Via-Mappingloader-0/INFO]: [ViaVersion] Using FastUtil Long2ObjectOpenHashMap for block connections
[23:17:38] [Server thread/INFO]: [ViaBackwards] Loading translations...
[23:17:38] [Server thread/INFO]: [ViaBackwards] Registering protocols...
[23:17:39] [Server thread/INFO]: [ViaRewind] Registering protocols...
[23:17:39] [Server thread/INFO]: [LuckPerms] Loading server plugin LuckPerms v5.4.130
[23:17:39] [Server thread/INFO]: [Vault] Loading server plugin Vault v1.7.3-b131
[23:17:39] [Server thread/INFO]: [ViaBackwards] Loading server plugin ViaBackwards v4.10.2
[23:17:39] [Server thread/INFO]: [Essentials] Loading server plugin Essentials v2.21.0-dev+115-6157668
[23:17:39] [Server thread/INFO]: [ViaRewind] Loading server plugin ViaRewind v3.1.2-SNAPSHOT
[23:17:39] [Server thread/INFO]: [EssentialsChat] Loading server plugin EssentialsChat v2.21.0-dev+115-6157668
[23:17:39] [Server thread/INFO]: [ProtocolLib] Loading server plugin ProtocolLib v5.1.0
[23:17:43] [Server thread/INFO]: [BedrockOffhand] Loading server plugin BedrockOffhand v1.1.0
[23:17:43] [Server thread/INFO]: [LifeSteal-Smp-Plugin] Loading server plugin LifeSteal-Smp-Plugin v2.3.21
[23:17:43] [Server thread/INFO]: Server permissions file permissions.yml is empty, ignoring it
[23:17:43] [Server thread/INFO]: [LuckPerms] Enabling LuckPerms v5.4.130
[23:17:44] [Server thread/INFO]:         __    
[23:17:44] [Server thread/INFO]:   |    |__)   LuckPerms v5.4.130
[23:17:44] [Server thread/INFO]:   |___ |      Running on Bukkit - Paper
[23:17:44] [Server thread/INFO]: 
[23:17:44] [Server thread/INFO]: [LuckPerms] Loading configuration...
[23:17:45] [Server thread/INFO]: [LuckPerms] Loading storage provider... [H2]
[23:17:46] [Server thread/INFO]: [LuckPerms] Loading internal permission managers...
[23:17:46] [Server thread/INFO]: [LuckPerms] Performing initial data load...
[23:17:47] [Server thread/INFO]: [LuckPerms] Successfully enabled. (took 3757ms)
[23:17:47] [Server thread/INFO]: [Vault] Enabling Vault v1.7.3-b131
[23:17:47] [Server thread/INFO]: [Vault] [Economy] Essentials Economy found: Waiting
[23:17:47] [Server thread/INFO]: [Vault] [Permission] SuperPermissions loaded as backup permission system.
[23:17:47] [Server thread/INFO]: [Vault] Enabled Version 1.7.3-b131
[23:17:47] [Server thread/INFO]: [LuckPerms] Registered Vault permission & chat hook.
[23:17:47] [Server thread/INFO]: [ViaRewind] Enabling ViaRewind v3.1.2-SNAPSHOT
[23:17:47] [Server thread/INFO]: [ProtocolLib] Enabling ProtocolLib v5.1.0
[23:17:47] [Server thread/WARN]: **** SERVER IS RUNNING IN OFFLINE/INSECURE MODE!
[23:17:47] [Server thread/WARN]: The server will make no attempt to authenticate usernames. Beware.
[23:17:47] [Server thread/WARN]: Whilst this makes it possible to use BungeeCord, unless access to your server is properly restricted, it also opens up the ability for hackers to connect with any username they choose.
[23:17:47] [Server thread/WARN]: Please see http://www.spigotmc.org/wiki/firewall-guide/ for further information.
[23:17:47] [Server thread/WARN]: To change this, set "online-mode" to "true" in the server.properties file.
[23:17:47] [Server thread/INFO]: Preparing level "world"
[23:17:48] [Server thread/INFO]: -------- World Settings For [world] --------
[23:17:48] [Server thread/INFO]: View Distance: 10
[23:17:48] [Server thread/INFO]: Simulation Distance: 10
[23:17:48] [Server thread/INFO]: Item Merge Radius: 2.5
[23:17:48] [Server thread/INFO]: Experience Merge Radius: 3.0
[23:17:48] [Server thread/INFO]: Mob Spawn Range: 4
[23:17:48] [Server thread/INFO]: Item Despawn Rate: 6000
[23:17:48] [Server thread/INFO]: Arrow Despawn Rate: 1200 Trident Respawn Rate:1200
[23:17:48] [Server thread/INFO]: Nerfing mobs spawned from spawners: false
[23:17:48] [Server thread/INFO]: Cactus Growth Modifier: 100%
[23:17:48] [Server thread/INFO]: Cane Growth Modifier: 100%
[23:17:48] [Server thread/INFO]: Melon Growth Modifier: 100%
[23:17:48] [Server thread/INFO]: Mushroom Growth Modifier: 100%
[23:17:48] [Server thread/INFO]: Pumpkin Growth Modifier: 100%
[23:17:48] [Server thread/INFO]: Sapling Growth Modifier: 100%
[23:17:48] [Server thread/INFO]: Beetroot Growth Modifier: 100%
[23:17:48] [Server thread/INFO]: Carrot Growth Modifier: 100%
[23:17:48] [Server thread/INFO]: Potato Growth Modifier: 100%
[23:17:48] [Server thread/INFO]: TorchFlower Growth Modifier: 100%
[23:17:48] [Server thread/INFO]: Wheat Growth Modifier: 100%
[23:17:48] [Server thread/INFO]: NetherWart Growth Modifier: 100%
[23:17:48] [Server thread/INFO]: Vine Growth Modifier: 100%
[23:17:48] [Server thread/INFO]: Cocoa Growth Modifier: 100%
[23:17:48] [Server thread/INFO]: Bamboo Growth Modifier: 100%
[23:17:48] [Server thread/INFO]: SweetBerry Growth Modifier: 100%
[23:17:48] [Server thread/INFO]: Kelp Growth Modifier: 100%
[23:17:48] [Server thread/INFO]: TwistingVines Growth Modifier: 100%
[23:17:48] [Server thread/INFO]: WeepingVines Growth Modifier: 100%
[23:17:48] [Server thread/INFO]: CaveVines Growth Modifier: 100%
[23:17:48] [Server thread/INFO]: GlowBerry Growth Modifier: 100%
[23:17:48] [Server thread/INFO]: Entity Activation Range: An 32 / Mo 32 / Ra 48 / Mi 16 / Tiv true / Isa false
[23:17:48] [Server thread/INFO]: Entity Tracking Range: Pl 48 / An 48 / Mo 48 / Mi 32 / Di 128 / Other 64
[23:17:48] [Server thread/INFO]: Hopper Transfer: 8 Hopper Check: 1 Hopper Amount: 1 Hopper Can Load Chunks: false
[23:17:48] [Server thread/INFO]: Custom Map Seeds:  Village: 10387312 Desert: 14357617 Igloo: 14357618 Jungle: 14357619 Swamp: 14357620 Monument: 10387313 Ocean: 14357621 Shipwreck: 165745295 End City: 10387313 Slime: 987234911 Nether: 30084232 Mansion: 10387319 Fossil: 14357921 Portal: 34222645
[23:17:48] [Server thread/INFO]: Max TNT Explosions: 100
[23:17:48] [Server thread/INFO]: Tile Max Tick Time: 50ms Entity max Tick Time: 50ms
[23:17:48] [Server thread/INFO]: Zombie Aggressive Towards Villager: true
[23:17:48] [Server thread/INFO]: Allow Zombie Pigmen to spawn from portal blocks: true
[23:17:51] [Server thread/INFO]: -------- World Settings For [world_nether] --------
[23:17:51] [Server thread/INFO]: View Distance: 10
[23:17:51] [Server thread/INFO]: Simulation Distance: 10
[23:17:51] [Server thread/INFO]: Item Merge Radius: 2.5
[23:17:51] [Server thread/INFO]: Experience Merge Radius: 3.0
[23:17:51] [Server thread/INFO]: Mob Spawn Range: 4
[23:17:51] [Server thread/INFO]: Item Despawn Rate: 6000
[23:17:51] [Server thread/INFO]: Arrow Despawn Rate: 1200 Trident Respawn Rate:1200
[23:17:51] [Server thread/INFO]: Nerfing mobs spawned from spawners: false
[23:17:51] [Server thread/INFO]: Cactus Growth Modifier: 100%
[23:17:51] [Server thread/INFO]: Cane Growth Modifier: 100%
[23:17:51] [Server thread/INFO]: Melon Growth Modifier: 100%
[23:17:51] [Server thread/INFO]: Mushroom Growth Modifier: 100%
[23:17:51] [Server thread/INFO]: Pumpkin Growth Modifier: 100%
[23:17:51] [Server thread/INFO]: Sapling Growth Modifier: 100%
[23:17:51] [Server thread/INFO]: Beetroot Growth Modifier: 100%
[23:17:51] [Server thread/INFO]: Carrot Growth Modifier: 100%
[23:17:51] [Server thread/INFO]: Potato Growth Modifier: 100%
[23:17:51] [Server thread/INFO]: TorchFlower Growth Modifier: 100%
[23:17:51] [Server thread/INFO]: Wheat Growth Modifier: 100%
[23:17:51] [Server thread/INFO]: NetherWart Growth Modifier: 100%
[23:17:51] [Server thread/INFO]: Vine Growth Modifier: 100%
[23:17:51] [Server thread/INFO]: Cocoa Growth Modifier: 100%
[23:17:51] [Server thread/INFO]: Bamboo Growth Modifier: 100%
[23:17:51] [Server thread/INFO]: SweetBerry Growth Modifier: 100%
[23:17:51] [Server thread/INFO]: Kelp Growth Modifier: 100%
[23:17:51] [Server thread/INFO]: TwistingVines Growth Modifier: 100%
[23:17:51] [Server thread/INFO]: WeepingVines Growth Modifier: 100%
[23:17:51] [Server thread/INFO]: CaveVines Growth Modifier: 100%
[23:17:51] [Server thread/INFO]: GlowBerry Growth Modifier: 100%
[23:17:51] [Server thread/INFO]: Entity Activation Range: An 32 / Mo 32 / Ra 48 / Mi 16 / Tiv true / Isa false
[23:17:51] [Server thread/INFO]: Entity Tracking Range: Pl 48 / An 48 / Mo 48 / Mi 32 / Di 128 / Other 64
[23:17:51] [Server thread/INFO]: Hopper Transfer: 8 Hopper Check: 1 Hopper Amount: 1 Hopper Can Load Chunks: false
[23:17:51] [Server thread/INFO]: Custom Map Seeds:  Village: 10387312 Desert: 14357617 Igloo: 14357618 Jungle: 14357619 Swamp: 14357620 Monument: 10387313 Ocean: 14357621 Shipwreck: 165745295 End City: 10387313 Slime: 987234911 Nether: 30084232 Mansion: 10387319 Fossil: 14357921 Portal: 34222645
[23:17:51] [Server thread/INFO]: Max TNT Explosions: 100
[23:17:51] [Server thread/INFO]: Tile Max Tick Time: 50ms Entity max Tick Time: 50ms
[23:17:51] [Server thread/INFO]: Zombie Aggressive Towards Villager: true
[23:17:51] [Server thread/INFO]: Allow Zombie Pigmen to spawn from portal blocks: true
[23:17:51] [Server thread/INFO]: -------- World Settings For [world_the_end] --------
[23:17:51] [Server thread/INFO]: View Distance: 10
[23:17:51] [Server thread/INFO]: Simulation Distance: 10
[23:17:51] [Server thread/INFO]: Item Merge Radius: 2.5
[23:17:51] [Server thread/INFO]: Experience Merge Radius: 3.0
[23:17:51] [Server thread/INFO]: Mob Spawn Range: 4
[23:17:51] [Server thread/INFO]: Item Despawn Rate: 6000
[23:17:51] [Server thread/INFO]: Arrow Despawn Rate: 1200 Trident Respawn Rate:1200
[23:17:51] [Server thread/INFO]: Nerfing mobs spawned from spawners: false
[23:17:51] [Server thread/INFO]: Cactus Growth Modifier: 100%
[23:17:51] [Server thread/INFO]: Cane Growth Modifier: 100%
[23:17:51] [Server thread/INFO]: Melon Growth Modifier: 100%
[23:17:51] [Server thread/INFO]: Mushroom Growth Modifier: 100%
[23:17:51] [Server thread/INFO]: Pumpkin Growth Modifier: 100%
[23:17:51] [Server thread/INFO]: Sapling Growth Modifier: 100%
[23:17:51] [Server thread/INFO]: Beetroot Growth Modifier: 100%
[23:17:51] [Server thread/INFO]: Carrot Growth Modifier: 100%
[23:17:51] [Server thread/INFO]: Potato Growth Modifier: 100%
[23:17:51] [Server thread/INFO]: TorchFlower Growth Modifier: 100%
[23:17:51] [Server thread/INFO]: Wheat Growth Modifier: 100%
[23:17:51] [Server thread/INFO]: NetherWart Growth Modifier: 100%
[23:17:51] [Server thread/INFO]: Vine Growth Modifier: 100%
[23:17:51] [Server thread/INFO]: Cocoa Growth Modifier: 100%
[23:17:51] [Server thread/INFO]: Bamboo Growth Modifier: 100%
[23:17:51] [Server thread/INFO]: SweetBerry Growth Modifier: 100%
[23:17:51] [Server thread/INFO]: Kelp Growth Modifier: 100%
[23:17:51] [Server thread/INFO]: TwistingVines Growth Modifier: 100%
[23:17:51] [Server thread/INFO]: WeepingVines Growth Modifier: 100%
[23:17:51] [Server thread/INFO]: CaveVines Growth Modifier: 100%
[23:17:51] [Server thread/INFO]: GlowBerry Growth Modifier: 100%
[23:17:51] [Server thread/INFO]: Entity Activation Range: An 32 / Mo 32 / Ra 48 / Mi 16 / Tiv true / Isa false
[23:17:51] [Server thread/INFO]: Entity Tracking Range: Pl 48 / An 48 / Mo 48 / Mi 32 / Di 128 / Other 64
[23:17:51] [Server thread/INFO]: Hopper Transfer: 8 Hopper Check: 1 Hopper Amount: 1 Hopper Can Load Chunks: false
[23:17:51] [Server thread/INFO]: Custom Map Seeds:  Village: 10387312 Desert: 14357617 Igloo: 14357618 Jungle: 14357619 Swamp: 14357620 Monument: 10387313 Ocean: 14357621 Shipwreck: 165745295 End City: 10387313 Slime: 987234911 Nether: 30084232 Mansion: 10387319 Fossil: 14357921 Portal: 34222645
[23:17:51] [Server thread/INFO]: Max TNT Explosions: 100
[23:17:51] [Server thread/INFO]: Tile Max Tick Time: 50ms Entity max Tick Time: 50ms
[23:17:51] [Server thread/INFO]: Zombie Aggressive Towards Villager: true
[23:17:51] [Server thread/INFO]: Allow Zombie Pigmen to spawn from portal blocks: true
[23:17:52] [Server thread/INFO]: Preparing start region for dimension minecraft:overworld
[23:17:52] [Server thread/INFO]: Time elapsed: 517 ms
[23:17:52] [Server thread/INFO]: Preparing start region for dimension minecraft:the_nether
[23:17:52] [Server thread/INFO]: Time elapsed: 248 ms
[23:17:52] [Server thread/INFO]: Preparing start region for dimension minecraft:the_end
[23:17:53] [Server thread/INFO]: Time elapsed: 121 ms
[23:17:53] [Server thread/INFO]: [ViaVersion] Enabling ViaVersion v4.10.2
[23:17:53] [Server thread/INFO]: [ViaVersion] ViaVersion detected server version: 1.19.4 (762)
[23:17:53] [Server thread/INFO]: [ViaBackwards] Enabling ViaBackwards v4.10.2
[23:17:53] [Server thread/INFO]: [Essentials] Enabling Essentials v2.21.0-dev+115-6157668
[23:17:55] [Server thread/INFO]: [Essentials] Attempting to convert old kits in config.yml to new kits.yml
[23:17:55] [Server thread/INFO]: [Essentials] No kits found to migrate.
[23:17:56] [Server thread/INFO]: [Essentials] Loaded 42679 items from items.json.
[23:17:56] [Server thread/INFO]: [Essentials] Using locale en
[23:17:56] [Server thread/INFO]: [Essentials] ServerListPingEvent: Spigot iterator API
[23:17:57] [Server thread/INFO]: [Essentials] Starting Metrics. Opt-out using the global bStats config.
[23:17:57] [Server thread/INFO]: [Vault] [Economy] Essentials Economy hooked.
[23:17:57] [Server thread/INFO]: [Essentials] Using Vault based permissions (LuckPerms)
[23:17:57] [Server thread/INFO]: [EssentialsChat] Enabling EssentialsChat v2.21.0-dev+115-6157668
[23:17:57] [Server thread/INFO]: [EssentialsChat] Starting Metrics. Opt-out using the global bStats config.
[23:17:57] [Server thread/INFO]: [BedrockOffhand] Enabling BedrockOffhand v1.1.0
[23:17:57] [Server thread/INFO]: [LifeSteal-Smp-Plugin] Enabling LifeSteal-Smp-Plugin v2.3.21
[23:18:03] [Server thread/INFO]: Running delayed init tasks
[23:18:03] [Server thread/INFO]: [Essentials] Essentials found a compatible payment resolution method: Vault Compatibility Layer (v1.7.3-b131)!
[23:18:03] [Craft Scheduler Thread - 5 - ViaVersion/INFO]: [ViaVersion] Finished mapping loading, shutting down loader executor!
[23:18:04] [Craft Scheduler Thread - 5 - Vault/INFO]: [Vault] Checking for Updates ... 
[23:18:04] [Server thread/INFO]: Done (31.173s)! For help, type "help"
[23:18:04] [Server thread/INFO]: Timings Reset
[23:18:04] [Craft Scheduler Thread - 6 - Essentials/INFO]: [Essentials] Fetching version information...
[23:18:04] [Craft Scheduler Thread - 5 - Vault/INFO]: [Vault] No new version available
[23:18:04] [Server thread/WARN]: [ViaVersion] There is a newer plugin version available: 5.0.3, you're on: 4.10.2
[23:18:13] [User Authenticator #0/INFO]: UUID of player ThunderGod12650 is 81488dc6-9079-358e-8f47-3eb037efad7d
[23:18:14] [Netty Epoll Server IO #1/WARN]: [ViaBackwards] Increased world height is NOT SUPPORTED for 1.16 players and below. They will see a void below y 0 and above 256
[23:18:14] [Server thread/INFO]: ThunderGod12650 joined the game
[23:18:15] [Server thread/INFO]: ThunderGod12650[/[0:0:0:0:0:0:0:1]:34606] logged in with entity id 210 at ([world]93.69999998807907, 85.875, -132.2202203431969)
[23:18:15] [Server thread/WARN]: Can't keep up! Is the server overloaded? Running 5578ms or 111 ticks behind
[23:18:16] [Server thread/WARN]: [Essentials] Permissions lag notice with (LuckPermsHandler). Response took 190.799131ms. Summary: Getting prefix for ThunderGod12650
[23:18:16] [Netty Epoll Server IO #1/WARN]: [ViaBackwards] Ignoring plugin channel in serverbound REGISTER: EAG|UpdateCert-1.8
[23:18:16] [Netty Epoll Server IO #1/WARN]: [ViaBackwards] Ignoring plugin channel in serverbound REGISTER: EAG|Voice-1.8
[23:18:16] [Netty Epoll Server IO #1/WARN]: [ViaBackwards] Ignoring plugin channel in serverbound REGISTER: FML
[23:18:16] [Netty Epoll Server IO #1/WARN]: [ViaBackwards] Ignoring plugin channel in serverbound REGISTER: EAG|Skins-1.8
[23:18:16] [Netty Epoll Server IO #1/WARN]: [ViaBackwards] Ignoring plugin channel in serverbound REGISTER: EAG|FNAWSEn-1.8
[23:18:16] [Netty Epoll Server IO #1/WARN]: [ViaBackwards] Ignoring plugin channel in serverbound REGISTER: FORGE
[23:18:16] [Netty Epoll Server IO #1/WARN]: [ViaBackwards] Ignoring plugin channel in serverbound REGISTER: EAG|Capes-1.8
[23:18:30] [Server thread/INFO]: Villager EntityVillager['Villager'/96, uuid='620288f4-a921-484b-b4b7-cad27f95402c', l='ServerLevel[world]', x=93.85, y=86.00, z=-121.70, cpos=[5, -8], tl=392964, v=true] died, message: 'Villager was slain by ThunderGod12650'
[23:18:31] [Server thread/INFO]: Villager EntityVillager['Villager'/88, uuid='7e35eca7-c4eb-4e4e-9faa-4332667761ca', l='ServerLevel[world]', x=93.84, y=86.00, z=-121.70, cpos=[5, -8], tl=392918, v=true] died, message: 'Villager was slain by ThunderGod12650'
[23:19:37] [Server thread/INFO]: ThunderGod12650 issued server command: /give
[23:19:38] [Server thread/INFO]: [Essentials] ThunderGod12650 was denied access to command.
[23:19:50] [Server thread/INFO]: [Essentials] CONSOLE issued server command: /give thundergod12650 villager_spawn_egg
[23:19:50] [Server thread/INFO]: Giving 64 of villager spawn egg to [Nex] ThunderGod12650.
[23:20:34] [Server thread/INFO]: Incorrect argument for command
effect thundergod12650 haste 99 2<--[HERE]
[23:20:39] [Server thread/INFO]: Applied effect Haste to ThunderGod12650
[23:20:41] [Server thread/INFO]: ThunderGod12650 issued server command: /effect
[23:22:33] [Server thread/INFO]: Applied effect Haste to ThunderGod12650
[23:22:34] [Server thread/INFO]: ThunderGod12650 issued server command: /give w
[23:22:34] [Server thread/INFO]: [Essentials] ThunderGod12650 was denied access to command.
[23:22:41] [Server thread/INFO]: Applied effect Haste to ThunderGod12650
[23:22:59] [Server thread/INFO]: [Essentials] CONSOLE issued server command: /give thundergod12650 white_bed
[23:22:59] [Server thread/INFO]: Giving 64 of white bed to [Nex] ThunderGod12650.
[23:22:59] [Server thread/INFO]: Not enough space, 49 white bed was lost.
[23:23:01] [Server thread/INFO]: ThunderGod12650 issued server command: /givw
[23:23:14] [Server thread/INFO]: ThunderGod12650 has made the advancement [Sweet Dreams]
[23:24:52] [Server thread/INFO]: ThunderGod12650 issued server command: /trash
[23:24:52] [Server thread/INFO]: [Essentials] ThunderGod12650 was denied access to command.
[23:24:58] [Server thread/INFO]: Made ThunderGod12650 a server operator
[23:25:00] [Server thread/INFO]: ThunderGod12650 issued server command: /ec
[23:25:03] [Server thread/INFO]: ThunderGod12650 issued server command: /trash
[23:25:13] [Server thread/INFO]: ThunderGod12650 issued server command: /trash
[23:25:40] [Server thread/INFO]: ThunderGod12650 issued server command: /give ThunderGod12650 white_bed 16
[23:26:02] [Server thread/INFO]: ThunderGod12650 issued server command: /give ThunderGod12650 white_bed 12
[23:26:19] [Server thread/INFO]: ThunderGod12650 issued server command: /give ThunderGod12650 white_bed 16
[23:28:28] [Server thread/INFO]: [Essentials] CONSOLE issued server command: /give thundergod12650 villager_spawn_egg
[23:28:28] [Server thread/INFO]: Giving 64 of villager spawn egg to [Nex] ThunderGod12650.
[23:28:29] [Server thread/INFO]: [Essentials] CONSOLE issued server command: /give thundergod12650 villager_spawn_egg
[23:28:29] [Server thread/INFO]: Giving 64 of villager spawn egg to [Nex] ThunderGod12650.
[23:28:32] [Server thread/INFO]: Applied effect Haste to ThunderGod12650
[23:28:43] [Server thread/INFO]: ThunderGod12650 issued server command: /give ThunderGod12650 white_bed 63
[23:28:58] [Server thread/INFO]: ThunderGod12650 issued server command: /time set noon
[23:30:19] [Server thread/INFO]: ThunderGod12650 issued server command: /trash
[23:31:13] [Server thread/INFO]: Villager EntityVillager['Villager'/1708, uuid='4a95f034-602d-4fe3-acb9-ddad39a14e3e', l='ServerLevel[world]', x=101.03, y=86.82, z=-120.07, cpos=[6, -8], tl=380, v=true] died, message: 'Villager was slain by ThunderGod12650'
[23:31:17] [Server thread/INFO]: Villager EntityVillager['Villager'/1701, uuid='f14d35e2-a54c-41fb-9bdc-18ca92b758ff', l='ServerLevel[world]', x=101.70, y=86.56, z=-120.06, cpos=[6, -8], tl=502, v=true] died, message: 'Villager was slain by ThunderGod12650'
[23:31:19] [Server thread/INFO]: Villager EntityVillager['Villager'/315, uuid='228965b6-f9a5-44da-951e-641e9a204e30', l='ServerLevel[world]', x=101.70, y=86.56, z=-120.47, cpos=[6, -8], tl=13460, v=true] died, message: 'Villager was slain by ThunderGod12650'
[23:31:24] [Server thread/INFO]: Villager EntityVillager['Villager'/287, uuid='7326180e-125d-4ec2-aad3-b9faac8a8843', l='ServerLevel[world]', x=101.37, y=86.77, z=-112.39, cpos=[6, -8], tl=13669, v=true] died, message: 'Villager was slain by ThunderGod12650'
[23:31:26] [Server thread/INFO]: Villager EntityVillager['Villager'/275, uuid='fbffc7a1-e4a4-468a-a029-a30cc87d85fd', l='ServerLevel[world]', x=99.10, y=86.56, z=-107.87, cpos=[6, -7], tl=13758, v=true] died, message: 'Villager was burnt to a crisp whilst fighting ThunderGod12650'
[23:31:26] [Server thread/INFO]: Villager EntityVillager['Villager'/1726, uuid='3c90196b-b3da-4fea-ae4c-3bb3873ba8d6', l='ServerLevel[world]', x=101.49, y=86.82, z=-110.63, cpos=[6, -7], tl=574, v=true] died, message: 'Villager was slain by ThunderGod12650'
[23:31:28] [Server thread/INFO]: Villager EntityVillager['Villager'/1703, uuid='9107fb7f-81d4-40fd-a705-ca4c1f09be5c', l='ServerLevel[world]', x=101.70, y=86.60, z=-108.85, cpos=[6, -7], tl=696, v=true] died, message: 'Villager was slain by ThunderGod12650'
[23:31:31] [Server thread/INFO]: Villager EntityVillager['Villager'/1691, uuid='d5b78da2-766b-48c3-afef-7c54a09cb88c', l='ServerLevel[world]', x=100.25, y=86.56, z=-106.74, cpos=[6, -7], tl=806, v=true] died, message: 'Villager was slain by ThunderGod12650'
[23:31:33] [Server thread/INFO]: Villager EntityVillager['Villager'/1686, uuid='cf639eb0-fcd1-4052-8381-bf581b8ae9b9', l='ServerLevel[world]', x=97.47, y=86.56, z=-106.51, cpos=[6, -7], tl=865, v=true] died, message: 'Villager was slain by ThunderGod12650'
[23:31:34] [Server thread/INFO]: Villager EntityVillager['Villager'/293, uuid='86fea7f1-f507-452a-bb8f-48767b158f1a', l='ServerLevel[world]', x=93.51, y=86.56, z=-109.38, cpos=[5, -7], tl=13843, v=true] died, message: 'Villager was burnt to a crisp whilst fighting ThunderGod12650'
[23:31:37] [Server thread/INFO]: Villager EntityVillager['Villager'/1590, uuid='83cf8def-a2ac-4d18-a487-e59783c8311f', l='ServerLevel[world]', x=83.39, y=86.56, z=-106.74, cpos=[5, -7], tl=1439, v=true] died, message: 'Villager was burnt to a crisp whilst fighting ThunderGod12650'
[23:31:43] [Server thread/INFO]: Villager EntityVillager['Villager'/86, uuid='7389f9dc-85e4-46b5-b95c-b699f7067351', l='ServerLevel[world]', x=87.26, y=86.56, z=-109.61, cpos=[5, -7], tl=412670, v=true] died, message: 'Villager was burnt to a crisp whilst fighting ThunderGod12650'
[23:31:49] [Server thread/INFO]: Villager EntityVillager['Villager'/1616, uuid='434e952f-ce80-42e3-9508-9ccd8aaccc38', l='ServerLevel[world]', x=101.52, y=86.56, z=-106.95, cpos=[6, -7], tl=1450, v=true] died, message: 'Villager was slain by ThunderGod12650'
[23:31:56] [Server thread/INFO]: Villager EntityVillager['Villager'/1640, uuid='41c4be06-f00a-4c70-9499-ece6cecd698b', l='ServerLevel[world]', x=83.46, y=86.60, z=-109.18, cpos=[5, -7], tl=1492, v=true] died, message: 'Villager was slain by ThunderGod12650'
[23:32:06] [Server thread/INFO]: Villager EntityVillager['Villager'/1692, uuid='c91bdff6-260b-4f5d-90fa-c9824b1013ce', l='ServerLevel[world]', x=82.05, y=86.56, z=-107.25, cpos=[5, -7], tl=1505, v=true] died, message: 'Villager was slain by ThunderGod12650'
[23:32:09] [Server thread/INFO]: Villager EntityVillager['Villager'/304, uuid='5cfa30b4-27e1-41bc-ad55-c54847bd0cf1', l='ServerLevel[world]', x=84.62, y=86.56, z=-109.39, cpos=[5, -7], tl=14508, v=true] died, message: 'Villager was slain by ThunderGod12650'
[23:32:17] [Server thread/INFO]: Villager EntityVillager['Villager'/282, uuid='a35d3278-8ff0-47e6-8fc7-9a4c7967b52b', l='ServerLevel[world]', x=89.02, y=86.88, z=-113.98, cpos=[5, -8], tl=14744, v=true] died, message: 'Villager was slain by ThunderGod12650'
[23:32:18] [Server thread/INFO]: Villager EntityVillager['Villager'/1641, uuid='c4fd25d3-c608-4571-9116-45d4597afe36', l='ServerLevel[world]', x=89.51, y=86.56, z=-114.67, cpos=[5, -8], tl=1931, v=true] died, message: 'Villager was slain by ThunderGod12650'
[23:32:22] [Server thread/INFO]: Villager EntityVillager['Villager'/106, uuid='1b9e1b32-0ad9-435b-bab5-b589543fd4a3', l='ServerLevel[world]', x=94.32, y=86.56, z=-116.74, cpos=[5, -8], tl=409781, v=true] died, message: 'Villager was slain by ThunderGod12650'
[23:32:24] [Server thread/INFO]: Villager EntityVillager['Villager'/101, uuid='ab034f40-ea80-426d-ab0f-3f947259f587', l='ServerLevel[world]', x=90.18, y=86.56, z=-117.70, cpos=[5, -8], tl=426710, v=true] died, message: 'Villager was slain by ThunderGod12650'
[23:32:24] [Server thread/INFO]: Villager EntityVillager['Villager'/1699, uuid='53a30b67-c1d4-45d2-ae67-fe204a4280ff', l='ServerLevel[world]', x=90.56, y=86.56, z=-118.55, cpos=[5, -8], tl=1833, v=true] died, message: 'Villager was slain by ThunderGod12650'
[23:32:25] [Server thread/INFO]: Villager EntityVillager['Villager'/301, uuid='cf6175a6-f1a6-40f4-bd88-392b034d62ff', l='ServerLevel[world]', x=91.48, y=86.56, z=-119.19, cpos=[5, -8], tl=14838, v=true] died, message: 'Villager was slain by ThunderGod12650'
[23:32:27] [Server thread/INFO]: Villager EntityVillager['Villager'/92, uuid='d4657bba-0ac1-4bec-a50d-90c4f116f7a3', l='ServerLevel[world]', x=89.12, y=86.82, z=-117.32, cpos=[5, -8], tl=413205, v=true] died, message: 'Villager was slain by ThunderGod12650'
[23:33:00] [Server thread/INFO]: Villager EntityVillager['Villager'/271, uuid='76416253-3a42-4a4e-99f3-6282274cdb4f', l='ServerLevel[world]', x=96.80, y=86.56, z=-120.65, cpos=[6, -8], tl=15648, v=true] died, message: 'Villager was slain by ThunderGod12650'
[23:33:04] [Server thread/INFO]: Villager EntityVillager['Villager'/1592, uuid='667c3664-b7b5-42e5-98aa-6c1c58a23d8d', l='ServerLevel[world]', x=93.71, y=86.00, z=-121.25, cpos=[5, -8], tl=3176, v=true] died, message: 'Villager was slain by ThunderGod12650'
[23:33:17] [Server thread/INFO]: Villager EntityVillager['Villager'/336, uuid='15a73897-6050-4e8e-8026-dac86ca0f5db', l='ServerLevel[world]', x=94.22, y=86.56, z=-120.18, cpos=[5, -8], tl=15732, v=true] died, message: 'Villager was slain by ThunderGod12650'
[23:33:53] [Server thread/INFO]: Villager EntityVillager['Villager'/1642, uuid='f594a976-eb9a-4224-9629-2362e2200d25', l='ServerLevel[world]', x=95.00, y=86.00, z=-121.70, cpos=[5, -8], tl=3840, v=true] died, message: 'Villager was slain by ThunderGod12650'
[23:33:53] [Server thread/INFO]: Villager EntityVillager['Villager'/1681, uuid='ff230c1b-bec6-4503-84f6-aaa6de4a5ae6', l='ServerLevel[world]', x=94.76, y=86.00, z=-120.85, cpos=[5, -8], tl=3685, v=true] died, message: 'Villager was slain by ThunderGod12650'
[23:34:27] [Server thread/INFO]: ThunderGod12650 lost connection: Disconnected
[23:34:27] [Server thread/INFO]: ThunderGod12650 left the game
[23:34:29] [User Authenticator #1/INFO]: UUID of player ThunderGod12650 is 81488dc6-9079-358e-8f47-3eb037efad7d
[23:34:29] [Server thread/INFO]: ThunderGod12650 joined the game
[23:34:29] [Server thread/INFO]: ThunderGod12650[/[0:0:0:0:0:0:0:1]:48566] logged in with entity id 1806 at ([world]93.69999998807907, 86.0, -122.92500001192093)
[23:34:29] [Netty Epoll Server IO #2/WARN]: [ViaBackwards] Ignoring plugin channel in serverbound REGISTER: EAG|UpdateCert-1.8
[23:34:29] [Netty Epoll Server IO #2/WARN]: [ViaBackwards] Ignoring plugin channel in serverbound REGISTER: EAG|Voice-1.8
[23:34:29] [Netty Epoll Server IO #2/WARN]: [ViaBackwards] Ignoring plugin channel in serverbound REGISTER: FML
[23:34:29] [Netty Epoll Server IO #2/WARN]: [ViaBackwards] Ignoring plugin channel in serverbound REGISTER: EAG|Skins-1.8
[23:34:29] [Netty Epoll Server IO #2/WARN]: [ViaBackwards] Ignoring plugin channel in serverbound REGISTER: EAG|FNAWSEn-1.8
[23:34:29] [Netty Epoll Server IO #2/WARN]: [ViaBackwards] Ignoring plugin channel in serverbound REGISTER: FORGE
[23:34:29] [Netty Epoll Server IO #2/WARN]: [ViaBackwards] Ignoring plugin channel in serverbound REGISTER: EAG|Capes-1.8
[23:34:43] [Server thread/INFO]: Villager EntityVillager['Villager'/1724, uuid='81a261de-7333-441c-966e-d5162679796f', l='ServerLevel[world]', x=92.46, y=85.88, z=-125.34, cpos=[5, -8], tl=4528, v=true] died, message: 'Villager was slain by ThunderGod12650'
[23:34:44] [Server thread/INFO]: Villager EntityVillager['Villager'/1722, uuid='b222516a-2895-4081-b1cc-fc7e4b244cc0', l='ServerLevel[world]', x=93.15, y=86.00, z=-122.78, cpos=[5, -8], tl=4560, v=true] died, message: 'Villager was slain by ThunderGod12650'
[23:34:55] [Server thread/INFO]: Villager EntityVillager['Villager'/284, uuid='2933e22d-5ef0-4b4b-8403-c418f95bf168', l='ServerLevel[world]', x=93.04, y=85.88, z=-140.07, cpos=[5, -9], tl=17905, v=true] died, message: 'Villager was slain by ThunderGod12650'
[23:34:56] [Server thread/INFO]: Villager EntityVillager['Villager'/331, uuid='98b62e2c-a4fc-48e6-a582-2e42d6b3dc05', l='ServerLevel[world]', x=93.50, y=85.88, z=-147.61, cpos=[5, -10], tl=17739, v=true] died, message: 'Villager was burnt to a crisp whilst fighting ThunderGod12650'
[23:34:57] [Server thread/INFO]: Villager EntityVillager['Villager'/1713, uuid='1b24ab8d-932a-4a5c-a9b0-6d4ccf32d1a9', l='ServerLevel[world]', x=93.24, y=85.88, z=-151.50, cpos=[5, -10], tl=4841, v=true] died, message: 'Villager was burnt to a crisp whilst fighting ThunderGod12650'
[23:35:05] [Server thread/INFO]: Villager EntityVillager['Villager'/1619, uuid='d617af79-4890-4fda-8f22-9559adbe4279', l='ServerLevel[world]', x=92.92, y=85.88, z=-151.40, cpos=[5, -10], tl=5359, v=true] died, message: 'Villager was slain by ThunderGod12650'
[23:35:44] [Server thread/INFO]: Villager EntityVillager['Villager'/1694, uuid='2e463706-6fbe-4256-b996-79f6fb31b5ca', l='ServerLevel[world]', x=97.80, y=86.56, z=-118.16, cpos=[6, -8], tl=5868, v=true] died, message: 'Villager was slain by ThunderGod12650'
[23:35:45] [Server thread/INFO]: Villager EntityVillager['Villager'/1727, uuid='a31e1d5e-ee96-4aed-b28b-2b4c33d2c8d9', l='ServerLevel[world]', x=98.43, y=86.56, z=-121.53, cpos=[6, -8], tl=5749, v=true] died, message: 'Villager was burnt to a crisp whilst fighting ThunderGod12650'
[23:35:45] [Server thread/INFO]: Villager EntityVillager['Villager'/1603, uuid='e95eb541-9281-4796-945c-0864be00ff8b', l='ServerLevel[world]', x=99.50, y=86.56, z=-120.50, cpos=[6, -8], tl=6363, v=true] died, message: 'Villager was slain by ThunderGod12650'
[23:35:46] [Server thread/INFO]: Villager EntityVillager['Villager'/1586, uuid='607337b7-6dd3-4d63-b02d-088017d62309', l='ServerLevel[world]', x=100.79, y=86.60, z=-118.99, cpos=[6, -8], tl=6446, v=true] died, message: 'Villager was slain by ThunderGod12650'
[23:35:49] [Server thread/INFO]: ThunderGod12650 issued server command: /repair
[23:35:51] [Server thread/INFO]: ThunderGod12650 issued server command: /repair
[23:35:59] [Server thread/INFO]: Villager EntityVillager['Villager'/1595, uuid='658fb73a-69de-494b-971a-d9d5f8c768c1', l='ServerLevel[world]', x=94.50, y=86.56, z=-111.50, cpos=[5, -7], tl=6661, v=true] died, message: 'Villager was slain by ThunderGod12650'
[23:36:05] [Server thread/INFO]: Villager EntityVillager['Villager'/103, uuid='910479b8-fd87-4d59-95fd-07a7f81ca792', l='ServerLevel[world]', x=85.84, y=86.56, z=-109.36, cpos=[5, -7], tl=418131, v=true] died, message: 'Villager was slain by ThunderGod12650'
[23:36:08] [Server thread/INFO]: Villager EntityVillager['Villager'/1674, uuid='32cb10dc-c5b1-44b8-84b6-bcb76f341e74', l='ServerLevel[world]', x=82.40, y=86.56, z=-113.78, cpos=[5, -8], tl=6403, v=true] died, message: 'Villager was burnt to a crisp whilst fighting ThunderGod12650'
[23:36:10] [Server thread/INFO]: Villager EntityVillager['Villager'/1709, uuid='0421ec4a-b160-48d6-a189-5665076847ab', l='ServerLevel[world]', x=82.44, y=86.56, z=-108.71, cpos=[5, -7], tl=6334, v=true] died, message: 'Villager was burnt to a crisp whilst fighting ThunderGod12650'
[23:36:12] [Server thread/INFO]: Villager EntityVillager['Villager'/72, uuid='b2425c0c-7375-4b78-abbd-a9af33307bd2', l='ServerLevel[world]', x=85.50, y=86.56, z=-107.50, cpos=[5, -7], tl=417947, v=true] died, message: 'Villager was slain by ThunderGod12650'
[23:36:16] [Server thread/INFO]: Villager EntityVillager['Villager'/87, uuid='0a2cc801-8a69-4948-9515-907d3b325825', l='ServerLevel[world]', x=82.90, y=86.56, z=-114.17, cpos=[5, -8], tl=414461, v=true] died, message: 'Villager was slain by ThunderGod12650'
[23:36:18] [Server thread/INFO]: Villager EntityVillager['Villager'/1707, uuid='a8746c88-d058-45a6-954f-f79ba2331b6a', l='ServerLevel[world]', x=81.87, y=86.88, z=-114.63, cpos=[5, -8], tl=6485, v=true] died, message: 'Villager was slain by ThunderGod12650'
[23:36:20] [Server thread/INFO]: Villager EntityVillager['Villager'/1615, uuid='7aea0e48-3d8a-4d93-b2f8-5423a5d5765a', l='ServerLevel[world]', x=86.50, y=86.56, z=-114.50, cpos=[5, -8], tl=6880, v=true] died, message: 'Villager was slain by ThunderGod12650'
[23:36:20] [Server thread/INFO]: Villager EntityVillager['Villager'/1632, uuid='3f85e5ce-1049-4352-bff8-f8f26ed21a2a', l='ServerLevel[world]', x=88.50, y=86.56, z=-117.50, cpos=[5, -8], tl=6831, v=true] died, message: 'Villager was slain by ThunderGod12650'
[23:36:20] [Server thread/INFO]: Villager EntityVillager['Villager'/1618, uuid='cee59f43-7021-454b-9982-4feb9ccc6398', l='ServerLevel[world]', x=88.69, y=86.56, z=-113.48, cpos=[5, -8], tl=6878, v=true] died, message: 'Villager was slain by ThunderGod12650'
[23:36:22] [Server thread/INFO]: Villager EntityVillager['Villager'/71, uuid='f41ad52e-00db-404c-9b59-35baa0e54ef2', l='ServerLevel[world]', x=89.51, y=86.56, z=-114.58, cpos=[5, -8], tl=446001, v=true] died, message: 'Villager was slain by ThunderGod12650'
[23:36:24] [Server thread/INFO]: Villager EntityVillager['Villager'/93, uuid='4914e65c-6550-4708-8fd2-330c228c7770', l='ServerLevel[world]', x=94.80, y=86.56, z=-113.64, cpos=[5, -8], tl=414570, v=true] died, message: 'Villager was slain by ThunderGod12650'
[23:36:24] [Server thread/INFO]: Villager EntityVillager['Villager'/1596, uuid='0c42b60a-9d5e-489a-b4bb-7a028e5a7eff', l='ServerLevel[world]', x=93.50, y=86.56, z=-111.50, cpos=[5, -7], tl=7165, v=true] died, message: 'Villager was slain by ThunderGod12650'
[23:36:26] [Server thread/INFO]: Villager EntityVillager['Villager'/1716, uuid='d63f53db-b23c-462a-916a-2fdf2c651698', l='ServerLevel[world]', x=95.70, y=86.56, z=-109.44, cpos=[5, -7], tl=6623, v=true] died, message: 'Villager was slain by ThunderGod12650'
[23:36:33] [Server thread/INFO]: Villager EntityVillager['Villager'/1711, uuid='85de9401-c541-4631-8063-cc50c976e200', l='ServerLevel[world]', x=101.51, y=86.56, z=-114.12, cpos=[6, -8], tl=6782, v=true] died, message: 'Villager was slain by ThunderGod12650'
[23:36:37] [Server thread/INFO]: Villager EntityVillager['Villager'/1663, uuid='21c3a5fc-0b87-46d5-9c9e-048a990fa90f', l='ServerLevel[world]', x=99.43, y=86.56, z=-118.48, cpos=[6, -8], tl=7032, v=true] died, message: 'Villager was slain by ThunderGod12650'
[23:36:38] [Server thread/INFO]: Villager EntityVillager['Villager'/100, uuid='798fe73a-a016-42a1-8ab2-16aecfc0fda2', l='ServerLevel[world]', x=100.50, y=86.56, z=-121.50, cpos=[6, -8], tl=418471, v=true] died, message: 'Villager was slain by ThunderGod12650'
[23:36:39] [Server thread/INFO]: Villager EntityVillager['Villager'/1647, uuid='e52eb419-d70a-47a2-819e-66d00f387a90', l='ServerLevel[world]', x=101.40, y=86.56, z=-121.45, cpos=[6, -8], tl=7141, v=true] died, message: 'Villager was slain by ThunderGod12650'
[23:36:40] [Server thread/INFO]: Villager EntityVillager['Villager'/85, uuid='f4a7c99c-1b4b-471d-b1dd-c3ddf4cd6516', l='ServerLevel[world]', x=98.50, y=86.56, z=-121.50, cpos=[6, -8], tl=414966, v=true] died, message: 'Villager was slain by ThunderGod12650'
[23:36:42] [Server thread/INFO]: Villager EntityVillager['Villager'/1704, uuid='33c4f04b-8f43-4685-a55a-644958dd52b3', l='ServerLevel[world]', x=96.22, y=86.00, z=-120.00, cpos=[6, -8], tl=6972, v=true] died, message: 'Villager was slain by ThunderGod12650'
[23:36:43] [Server thread/INFO]: Villager EntityVillager['Villager'/1587, uuid='7b475816-3dc2-4fd4-ab86-4e6d8dc228ba', l='ServerLevel[world]', x=91.85, y=86.56, z=-118.85, cpos=[5, -8], tl=7571, v=true] died, message: 'Villager was slain by ThunderGod12650'
[23:36:44] [Server thread/INFO]: Villager EntityVillager['Villager'/83, uuid='4ca51e09-4f39-4131-8df6-3e8b1eb09e38', l='ServerLevel[world]', x=90.50, y=86.56, z=-117.50, cpos=[5, -8], tl=415021, v=true] died, message: 'Villager was slain by ThunderGod12650'
[23:36:47] [Server thread/INFO]: Villager EntityVillager['Villager'/1600, uuid='205d49e3-d70c-41d2-acde-bc0296726ce6', l='ServerLevel[world]', x=93.02, y=86.60, z=-115.09, cpos=[5, -8], tl=7604, v=true] died, message: 'Villager was slain by ThunderGod12650'
[23:36:50] [Server thread/INFO]: Villager EntityVillager['Villager'/1671, uuid='4cc1dbf2-7c09-4737-b4e3-e4000ed2bea9', l='ServerLevel[world]', x=85.15, y=86.56, z=-110.73, cpos=[5, -7], tl=7271, v=true] died, message: 'Villager was burnt to a crisp whilst fighting ThunderGod12650'
[23:40:18] [Server thread/INFO]: ThunderGod12650 issued server command: /give ThunderGod12650 fortune 64
[23:40:25] [Server thread/INFO]: ThunderGod12650 issued server command: /give
[23:40:27] [Server thread/INFO]: ThunderGod12650 issued server command: /give
[23:40:30] [Server thread/INFO]: ThunderGod12650 issued server command: /gamemode c
[23:40:36] [Server thread/INFO]: ThunderGod12650 issued server command: /give ThunderGod12650 book 1
[23:40:42] [Server thread/INFO]: ThunderGod12650 issued server command: /enchant mending
[23:40:45] [Server thread/INFO]: ThunderGod12650 issued server command: /enchant mending 1
[23:40:50] [Server thread/INFO]: ThunderGod12650 issued server command: /enchant fortune 3
[23:42:21] [Server thread/INFO]: ThunderGod12650 issued server command: /gamemode s
[23:42:37] [Server thread/INFO]: ThunderGod12650 issued server command: /withdraw
[23:42:39] [Server thread/INFO]: ThunderGod12650 issued server command: /withdraw
[23:42:42] [Server thread/INFO]: ThunderGod12650 issued server command: /lswithdraw
[23:42:49] [Server thread/INFO]: ThunderGod12650 issued server command: /lswithdraw
[23:42:50] [Server thread/INFO]: ThunderGod12650 issued server command: /lswithdraw
[23:42:51] [Server thread/INFO]: ThunderGod12650 issued server command: /lswithdraw
[23:42:52] [Server thread/INFO]: ThunderGod12650 issued server command: /lswithdraw
[23:42:53] [Server thread/INFO]: ThunderGod12650 issued server command: /ec
[23:42:57] [Server thread/INFO]: ThunderGod12650 issued server command: /trash
[23:43:10] [Server thread/INFO]: ThunderGod12650 issued server command: /xp add ThunderGod12650 1000
[23:43:16] [Server thread/INFO]: ThunderGod12650 issued server command: /xp give ThunderGod12650 1000
[23:43:18] [Server thread/INFO]: ThunderGod12650 issued server command: /xp give ThunderGod12650 1000
[23:44:31] [Server thread/INFO]: ThunderGod12650 issued server command: /repair
[23:44:32] [Async Chat Thread - #1/INFO]: [Not Secure] <[Nex] ThunderGod12650> 7
[23:44:33] [Async Chat Thread - #0/INFO]: [Not Secure] <[Nex] ThunderGod12650> 7
[23:44:34] [Async Chat Thread - #0/INFO]: [Not Secure] <[Nex] ThunderGod12650> 7
[23:44:36] [Async Chat Thread - #2/INFO]: [Not Secure] <[Nex] ThunderGod12650> 7
[23:44:37] [Server thread/INFO]: ThunderGod12650 issued server command: /repair
[23:44:37] [Server thread/INFO]: ThunderGod12650 issued server command: /repair
[23:44:40] [Server thread/INFO]: ThunderGod12650 issued server command: /repair
[23:44:45] [Server thread/INFO]: ThunderGod12650 lost connection: Disconnected
[23:44:45] [Server thread/INFO]: ThunderGod12650 left the game
